#-----------------------------------------------------------
# Vivado v2018.3 (64-bit)
# SW Build 2405991 on Thu Dec  6 23:38:27 MST 2018
# IP Build 2404404 on Fri Dec  7 01:43:56 MST 2018
# Start of session at: Tue Jul 30 10:42:49 2024
# Process ID: 10188
# Current directory: D:/220110630/proj_single_cycle
# Command line: vivado.exe -gui_launcher_event rodinguilauncherevent9988 D:\220110630\proj_single_cycle\proj_single_cycle.xpr
# Log file: D:/220110630/proj_single_cycle/vivado.log
# Journal file: D:/220110630/proj_single_cycle\vivado.jou
#-----------------------------------------------------------
start_gui
open_project D:/220110630/proj_single_cycle/proj_single_cycle.xpr
CRITICAL WARNING: [Project 1-19] Could not find the file 'D:/220110630/proj_single_cycle/proj_single_cycle.srcs/sources_1/new/DIGIT_DINSEL.v'.
CRITICAL WARNING: [Project 1-19] Could not find the file 'D:/220110630/comp2012/onboard_trace/inst_rom.coe'.
CRITICAL WARNING: [Project 1-19] Could not find the file 'D:/220110630/comp2012/onboard_trace/data_ram.coe'.
Scanning sources...
Finished scanning sources
INFO: [IP_Flow 19-234] Refreshing IP repositories
INFO: [IP_Flow 19-1704] No user IP repositories specified
INFO: [IP_Flow 19-2313] Loaded Vivado IP repository 'C:/Xilinx/Vivado/2018.3/data/ip'.
open_project: Time (s): cpu = 00:00:16 ; elapsed = 00:00:06 . Memory (MB): peak = 856.254 ; gain = 203.969
update_compile_order -fileset sources_1
export_ip_user_files -of_objects  [get_files D:/220110630/comp2012/onboard_trace/data_ram.coe] -no_script -reset -force -quiet
export_ip_user_files -of_objects  [get_files D:/220110630/comp2012/onboard_trace/inst_rom.coe] -no_script -reset -force -quiet
export_ip_user_files -of_objects  [get_files D:/220110630/proj_single_cycle/hex1.coe] -no_script -reset -force -quiet
remove_files  {D:/220110630/comp2012/onboard_trace/data_ram.coe D:/220110630/comp2012/onboard_trace/inst_rom.coe D:/220110630/proj_single_cycle/hex1.coe}
open_hw
connect_hw_server
INFO: [Labtools 27-2285] Connecting to hw_server url TCP:localhost:3121
open_hw_target
INFO: [Labtoolstcl 44-466] Opening hw_target localhost:3121/xilinx_tcf/Xilinx/1234-tulA
set_property PROGRAM.FILE {D:/220110630/proj_single_cycle/proj_single_cycle.runs/impl_1/miniRV_SoC.bit} [get_hw_devices xc7a100t_0]
current_hw_device [get_hw_devices xc7a100t_0]
refresh_hw_device -update_hw_probes false [lindex [get_hw_devices xc7a100t_0] 0]
INFO: [Labtools 27-1434] Device xc7a100t (JTAG device index = 0) is programmed with a design that has no supported debug core(s) in it.
set_property PROBES.FILE {} [get_hw_devices xc7a100t_0]
set_property FULL_PROBES.FILE {} [get_hw_devices xc7a100t_0]
set_property PROGRAM.FILE {D:/220110630/proj_single_cycle/proj_single_cycle.runs/impl_1/miniRV_SoC.bit} [get_hw_devices xc7a100t_0]
program_hw_devices [get_hw_devices xc7a100t_0]
INFO: [Labtools 27-3164] End of startup status: HIGH
refresh_hw_device [lindex [get_hw_devices xc7a100t_0] 0]
INFO: [Labtools 27-1434] Device xc7a100t (JTAG device index = 0) is programmed with a design that has no supported debug core(s) in it.
set_property -dict [list CONFIG.coefficient_file {D:/220110630/proj_single_cycle/hex3.coe}] [get_ips IROM]
INFO: [IP_Flow 19-3484] Absolute path of file 'd:/220110630/proj_single_cycle/hex3.coe' provided. It will be converted relative to IP Instance files '../../../../hex3.coe'
generate_target all [get_files  D:/220110630/proj_single_cycle/proj_single_cycle.srcs/sources_1/ip/IROM/IROM.xci]
INFO: [IP_Flow 19-1686] Generating 'Instantiation Template' target for IP 'IROM'...
INFO: [IP_Flow 19-1686] Generating 'Synthesis' target for IP 'IROM'...
INFO: [IP_Flow 19-1686] Generating 'Simulation' target for IP 'IROM'...
INFO: [IP_Flow 19-1686] Generating 'Change Log' target for IP 'IROM'...
catch { config_ip_cache -export [get_ips -all IROM] }
export_ip_user_files -of_objects [get_files D:/220110630/proj_single_cycle/proj_single_cycle.srcs/sources_1/ip/IROM/IROM.xci] -no_script -sync -force -quiet
reset_run IROM_synth_1
launch_runs -jobs 16 IROM_synth_1
[Tue Jul 30 11:25:34 2024] Launched IROM_synth_1...
Run output will be captured here: D:/220110630/proj_single_cycle/proj_single_cycle.runs/IROM_synth_1/runme.log
export_simulation -of_objects [get_files D:/220110630/proj_single_cycle/proj_single_cycle.srcs/sources_1/ip/IROM/IROM.xci] -directory D:/220110630/proj_single_cycle/proj_single_cycle.ip_user_files/sim_scripts -ip_user_files_dir D:/220110630/proj_single_cycle/proj_single_cycle.ip_user_files -ipstatic_source_dir D:/220110630/proj_single_cycle/proj_single_cycle.ip_user_files/ipstatic -lib_map_path [list {modelsim=D:/220110630/proj_single_cycle/proj_single_cycle.cache/compile_simlib/modelsim} {questa=D:/220110630/proj_single_cycle/proj_single_cycle.cache/compile_simlib/questa} {riviera=D:/220110630/proj_single_cycle/proj_single_cycle.cache/compile_simlib/riviera} {activehdl=D:/220110630/proj_single_cycle/proj_single_cycle.cache/compile_simlib/activehdl}] -use_ip_compiled_libs -force -quiet
reset_run IROM_synth_1
generate_target all [get_files  D:/220110630/proj_single_cycle/proj_single_cycle.srcs/sources_1/ip/IROM/IROM.xci]
catch { config_ip_cache -export [get_ips -all IROM] }
export_ip_user_files -of_objects [get_files D:/220110630/proj_single_cycle/proj_single_cycle.srcs/sources_1/ip/IROM/IROM.xci] -no_script -sync -force -quiet
launch_runs -jobs 16 IROM_synth_1
[Tue Jul 30 11:35:45 2024] Launched IROM_synth_1...
Run output will be captured here: D:/220110630/proj_single_cycle/proj_single_cycle.runs/IROM_synth_1/runme.log
export_simulation -of_objects [get_files D:/220110630/proj_single_cycle/proj_single_cycle.srcs/sources_1/ip/IROM/IROM.xci] -directory D:/220110630/proj_single_cycle/proj_single_cycle.ip_user_files/sim_scripts -ip_user_files_dir D:/220110630/proj_single_cycle/proj_single_cycle.ip_user_files -ipstatic_source_dir D:/220110630/proj_single_cycle/proj_single_cycle.ip_user_files/ipstatic -lib_map_path [list {modelsim=D:/220110630/proj_single_cycle/proj_single_cycle.cache/compile_simlib/modelsim} {questa=D:/220110630/proj_single_cycle/proj_single_cycle.cache/compile_simlib/questa} {riviera=D:/220110630/proj_single_cycle/proj_single_cycle.cache/compile_simlib/riviera} {activehdl=D:/220110630/proj_single_cycle/proj_single_cycle.cache/compile_simlib/activehdl}] -use_ip_compiled_libs -force -quiet
reset_run synth_1
reset_run DRAM_synth_1
launch_runs impl_1 -to_step write_bitstream -jobs 16
INFO: [IP_Flow 19-1686] Generating 'Synthesis' target for IP 'DRAM'...
[Tue Jul 30 11:48:39 2024] Launched DRAM_synth_1, synth_1...
Run output will be captured here:
DRAM_synth_1: D:/220110630/proj_single_cycle/proj_single_cycle.runs/DRAM_synth_1/runme.log
synth_1: D:/220110630/proj_single_cycle/proj_single_cycle.runs/synth_1/runme.log
[Tue Jul 30 11:48:40 2024] Launched impl_1...
Run output will be captured here: D:/220110630/proj_single_cycle/proj_single_cycle.runs/impl_1/runme.log
reset_run synth_1
reset_run DRAM_synth_1
launch_runs impl_1 -to_step write_bitstream -jobs 16
[Tue Jul 30 11:51:30 2024] Launched DRAM_synth_1, synth_1...
Run output will be captured here:
DRAM_synth_1: D:/220110630/proj_single_cycle/proj_single_cycle.runs/DRAM_synth_1/runme.log
synth_1: D:/220110630/proj_single_cycle/proj_single_cycle.runs/synth_1/runme.log
[Tue Jul 30 11:51:30 2024] Launched impl_1...
Run output will be captured here: D:/220110630/proj_single_cycle/proj_single_cycle.runs/impl_1/runme.log
reset_run synth_1
reset_run DRAM_synth_1
launch_runs impl_1 -to_step write_bitstream -jobs 16
[Tue Jul 30 11:52:33 2024] Launched DRAM_synth_1, synth_1...
Run output will be captured here:
DRAM_synth_1: D:/220110630/proj_single_cycle/proj_single_cycle.runs/DRAM_synth_1/runme.log
synth_1: D:/220110630/proj_single_cycle/proj_single_cycle.runs/synth_1/runme.log
[Tue Jul 30 11:52:33 2024] Launched impl_1...
Run output will be captured here: D:/220110630/proj_single_cycle/proj_single_cycle.runs/impl_1/runme.log
set_property PROBES.FILE {} [get_hw_devices xc7a100t_0]
set_property FULL_PROBES.FILE {} [get_hw_devices xc7a100t_0]
set_property PROGRAM.FILE {D:/220110630/proj_single_cycle/proj_single_cycle.runs/impl_1/miniRV_SoC.bit} [get_hw_devices xc7a100t_0]
program_hw_devices [get_hw_devices xc7a100t_0]
INFO: [Labtools 27-3164] End of startup status: HIGH
refresh_hw_device [lindex [get_hw_devices xc7a100t_0] 0]
INFO: [Labtools 27-1434] Device xc7a100t (JTAG device index = 0) is programmed with a design that has no supported debug core(s) in it.
set_property PROBES.FILE {} [get_hw_devices xc7a100t_0]
set_property FULL_PROBES.FILE {} [get_hw_devices xc7a100t_0]
set_property PROGRAM.FILE {D:/220110630/proj_single_cycle/proj_single_cycle.runs/impl_1/miniRV_SoC.bit} [get_hw_devices xc7a100t_0]
program_hw_devices [get_hw_devices xc7a100t_0]
INFO: [Labtools 27-3164] End of startup status: HIGH
refresh_hw_device [lindex [get_hw_devices xc7a100t_0] 0]
INFO: [Labtools 27-1434] Device xc7a100t (JTAG device index = 0) is programmed with a design that has no supported debug core(s) in it.
reset_run impl_1 -prev_step 
launch_runs impl_1 -to_step write_bitstream -jobs 16
[Tue Jul 30 12:24:10 2024] Launched impl_1...
Run output will be captured here: D:/220110630/proj_single_cycle/proj_single_cycle.runs/impl_1/runme.log
set_property PROBES.FILE {} [get_hw_devices xc7a100t_0]
set_property FULL_PROBES.FILE {} [get_hw_devices xc7a100t_0]
set_property PROGRAM.FILE {D:/220110630/proj_single_cycle/proj_single_cycle.runs/impl_1/miniRV_SoC.bit} [get_hw_devices xc7a100t_0]
program_hw_devices [get_hw_devices xc7a100t_0]
INFO: [Labtools 27-3164] End of startup status: HIGH
refresh_hw_device [lindex [get_hw_devices xc7a100t_0] 0]
INFO: [Labtools 27-1434] Device xc7a100t (JTAG device index = 0) is programmed with a design that has no supported debug core(s) in it.
set_property PROBES.FILE {} [get_hw_devices xc7a100t_0]
set_property FULL_PROBES.FILE {} [get_hw_devices xc7a100t_0]
set_property PROGRAM.FILE {D:/220110630/proj_single_cycle/proj_single_cycle.runs/impl_1/miniRV_SoC.bit} [get_hw_devices xc7a100t_0]
program_hw_devices [get_hw_devices xc7a100t_0]
INFO: [Labtools 27-3164] End of startup status: HIGH
refresh_hw_device [lindex [get_hw_devices xc7a100t_0] 0]
INFO: [Labtools 27-1434] Device xc7a100t (JTAG device index = 0) is programmed with a design that has no supported debug core(s) in it.
reset_run impl_1 -prev_step 
launch_runs impl_1 -to_step write_bitstream -jobs 16
[Tue Jul 30 12:39:05 2024] Launched impl_1...
Run output will be captured here: D:/220110630/proj_single_cycle/proj_single_cycle.runs/impl_1/runme.log
reset_run impl_1 -prev_step 
launch_runs impl_1 -to_step write_bitstream -jobs 16
[Tue Jul 30 12:44:57 2024] Launched impl_1...
Run output will be captured here: D:/220110630/proj_single_cycle/proj_single_cycle.runs/impl_1/runme.log
set_property PROBES.FILE {} [get_hw_devices xc7a100t_0]
set_property FULL_PROBES.FILE {} [get_hw_devices xc7a100t_0]
set_property PROGRAM.FILE {D:/220110630/proj_single_cycle/proj_single_cycle.runs/impl_1/miniRV_SoC.bit} [get_hw_devices xc7a100t_0]
program_hw_devices [get_hw_devices xc7a100t_0]
INFO: [Labtools 27-3164] End of startup status: HIGH
refresh_hw_device [lindex [get_hw_devices xc7a100t_0] 0]
INFO: [Labtools 27-1434] Device xc7a100t (JTAG device index = 0) is programmed with a design that has no supported debug core(s) in it.
set_property -dict [list CONFIG.coefficient_file {d:/220110630/proj_single_cycle/hex33.coe}] [get_ips IROM]
INFO: [IP_Flow 19-3484] Absolute path of file 'd:/220110630/proj_single_cycle/hex33.coe' provided. It will be converted relative to IP Instance files '../../../../hex33.coe'
generate_target all [get_files  D:/220110630/proj_single_cycle/proj_single_cycle.srcs/sources_1/ip/IROM/IROM.xci]
INFO: [IP_Flow 19-1686] Generating 'Instantiation Template' target for IP 'IROM'...
INFO: [IP_Flow 19-1686] Generating 'Synthesis' target for IP 'IROM'...
INFO: [IP_Flow 19-1686] Generating 'Simulation' target for IP 'IROM'...
INFO: [IP_Flow 19-1686] Generating 'Change Log' target for IP 'IROM'...
catch { config_ip_cache -export [get_ips -all IROM] }
export_ip_user_files -of_objects [get_files D:/220110630/proj_single_cycle/proj_single_cycle.srcs/sources_1/ip/IROM/IROM.xci] -no_script -sync -force -quiet
reset_run IROM_synth_1
launch_runs -jobs 16 IROM_synth_1
[Tue Jul 30 13:21:02 2024] Launched IROM_synth_1...
Run output will be captured here: D:/220110630/proj_single_cycle/proj_single_cycle.runs/IROM_synth_1/runme.log
export_simulation -of_objects [get_files D:/220110630/proj_single_cycle/proj_single_cycle.srcs/sources_1/ip/IROM/IROM.xci] -directory D:/220110630/proj_single_cycle/proj_single_cycle.ip_user_files/sim_scripts -ip_user_files_dir D:/220110630/proj_single_cycle/proj_single_cycle.ip_user_files -ipstatic_source_dir D:/220110630/proj_single_cycle/proj_single_cycle.ip_user_files/ipstatic -lib_map_path [list {modelsim=D:/220110630/proj_single_cycle/proj_single_cycle.cache/compile_simlib/modelsim} {questa=D:/220110630/proj_single_cycle/proj_single_cycle.cache/compile_simlib/questa} {riviera=D:/220110630/proj_single_cycle/proj_single_cycle.cache/compile_simlib/riviera} {activehdl=D:/220110630/proj_single_cycle/proj_single_cycle.cache/compile_simlib/activehdl}] -use_ip_compiled_libs -force -quiet
reset_run synth_1
launch_runs impl_1 -to_step write_bitstream -jobs 16
[Tue Jul 30 13:31:19 2024] Launched synth_1...
Run output will be captured here: D:/220110630/proj_single_cycle/proj_single_cycle.runs/synth_1/runme.log
[Tue Jul 30 13:31:19 2024] Launched impl_1...
Run output will be captured here: D:/220110630/proj_single_cycle/proj_single_cycle.runs/impl_1/runme.log
set_property PROBES.FILE {} [get_hw_devices xc7a100t_0]
set_property FULL_PROBES.FILE {} [get_hw_devices xc7a100t_0]
set_property PROGRAM.FILE {D:/220110630/proj_single_cycle/proj_single_cycle.runs/impl_1/miniRV_SoC.bit} [get_hw_devices xc7a100t_0]
program_hw_devices [get_hw_devices xc7a100t_0]
INFO: [Labtools 27-3164] End of startup status: HIGH
refresh_hw_device [lindex [get_hw_devices xc7a100t_0] 0]
INFO: [Labtools 27-1434] Device xc7a100t (JTAG device index = 0) is programmed with a design that has no supported debug core(s) in it.
ERROR: [Labtoolstcl 44-513] HW Target shutdown. Closing target: localhost:3121/xilinx_tcf/Xilinx/1234-tulA
INFO: [Labtoolstcl 44-466] Opening hw_target localhost:3121/xilinx_tcf/Xilinx/1234-tulA
INFO: [Labtools 27-1434] Device xc7a100t (JTAG device index = 0) is programmed with a design that has no supported debug core(s) in it.
WARNING: [Labtoolstcl 44-129] No matching hw_ila_data was found.
set_property PROBES.FILE {} [get_hw_devices xc7a100t_0]
set_property FULL_PROBES.FILE {} [get_hw_devices xc7a100t_0]
set_property PROGRAM.FILE {D:/220110630/proj_single_cycle/proj_single_cycle.runs/impl_1/miniRV_SoC.bit} [get_hw_devices xc7a100t_0]
program_hw_devices [get_hw_devices xc7a100t_0]
INFO: [Labtools 27-3164] End of startup status: HIGH
refresh_hw_device [lindex [get_hw_devices xc7a100t_0] 0]
INFO: [Labtools 27-1434] Device xc7a100t (JTAG device index = 0) is programmed with a design that has no supported debug core(s) in it.
ERROR: [Labtoolstcl 44-513] HW Target shutdown. Closing target: localhost:3121/xilinx_tcf/Xilinx/1234-tulA
exit
INFO: [Common 17-206] Exiting Vivado at Tue Jul 30 16:37:52 2024...
