#-----------------------------------------------------------
# Vivado v2018.3 (64-bit)
# SW Build 2405991 on Thu Dec  6 23:38:27 MST 2018
# IP Build 2404404 on Fri Dec  7 01:43:56 MST 2018
# Start of session at: Thu Jul 25 09:28:59 2024
# Process ID: 12984
# Current directory: D:/220110630/proj_pipeline
# Command line: vivado.exe -gui_launcher_event rodinguilauncherevent9516 D:\220110630\proj_pipeline\proj_pipeline.xpr
# Log file: D:/220110630/proj_pipeline/vivado.log
# Journal file: D:/220110630/proj_pipeline\vivado.jou
#-----------------------------------------------------------
start_gui
open_project D:/220110630/proj_pipeline/proj_pipeline.xpr
Scanning sources...
Finished scanning sources
INFO: [IP_Flow 19-234] Refreshing IP repositories
INFO: [IP_Flow 19-1704] No user IP repositories specified
INFO: [IP_Flow 19-2313] Loaded Vivado IP repository 'C:/Xilinx/Vivado/2018.3/data/ip'.
update_compile_order -fileset sources_1
exit
INFO: [Common 17-206] Exiting Vivado at Thu Jul 25 15:44:16 2024...
